2013/06/13 11:44:16 [error] [exception.CException] exception 'CException' with message 'Property "Pengadaan.divisi_peminta" is not defined.' in C:\xampp\htdocs\plnBrotherhood\yiiframework\framework\base\CComponent.php:130
Stack trace:
#0 C:\xampp\htdocs\plnBrotherhood\yiiframework\framework\db\ar\CActiveRecord.php(143): CComponent->__get('divisi_peminta')
#1 C:\xampp\htdocs\plnBrotherhood\protected\models\Pengadaan.php(150): CActiveRecord->__get('divisi_peminta')
#2 C:\xampp\htdocs\plnBrotherhood\protected\views\site\dashboard.php(41): Pengadaan->search()
#3 C:\xampp\htdocs\plnBrotherhood\yiiframework\framework\web\CBaseController.php(126): require('C:\xampp\htdocs...')
#4 C:\xampp\htdocs\plnBrotherhood\yiiframework\framework\web\CBaseController.php(95): CBaseController->renderInternal('C:\xampp\htdocs...', Array, true)
#5 C:\xampp\htdocs\plnBrotherhood\yiiframework\framework\web\CController.php(869): CBaseController->renderFile('C:\xampp\htdocs...', Array, true)
#6 C:\xampp\htdocs\plnBrotherhood\yiiframework\framework\web\CController.php(782): CController->renderPartial('dashboard', Array, true)
#7 C:\xampp\htdocs\plnBrotherhood\protected\controllers\SiteController.php(51): CController->render('dashboard', Array)
#8 C:\xampp\htdocs\plnBrotherhood\yiiframework\framework\web\actions\CInlineAction.php(49): SiteController->actionDashboard()
#9 C:\xampp\htdocs\plnBrotherhood\yiiframework\framework\web\CController.php(308): CInlineAction->runWithParams(Array)
#10 C:\xampp\htdocs\plnBrotherhood\yiiframework\framework\web\CController.php(286): CController->runAction(Object(CInlineAction))
#11 C:\xampp\htdocs\plnBrotherhood\yiiframework\framework\web\CController.php(265): CController->runActionWithFilters(Object(CInlineAction), Array)
#12 C:\xampp\htdocs\plnBrotherhood\yiiframework\framework\web\CWebApplication.php(282): CController->run('')
#13 C:\xampp\htdocs\plnBrotherhood\yiiframework\framework\web\CWebApplication.php(141): CWebApplication->runController('')
#14 C:\xampp\htdocs\plnBrotherhood\yiiframework\framework\base\CApplication.php(169): CWebApplication->processRequest()
#15 C:\xampp\htdocs\plnBrotherhood\index.php(13): CApplication->run()
#16 {main}
REQUEST_URI=/plnBrotherhood/index.php
HTTP_REFERER=http://localhost/plnBrotherhood/index.php?r=site/login
---
2013/06/13 11:44:28 [error] [exception.CException] exception 'CException' with message 'Property "Pengadaan.divisi_peminta" is not defined.' in C:\xampp\htdocs\plnBrotherhood\yiiframework\framework\base\CComponent.php:130
Stack trace:
#0 C:\xampp\htdocs\plnBrotherhood\yiiframework\framework\db\ar\CActiveRecord.php(143): CComponent->__get('divisi_peminta')
#1 C:\xampp\htdocs\plnBrotherhood\protected\models\Pengadaan.php(150): CActiveRecord->__get('divisi_peminta')
#2 C:\xampp\htdocs\plnBrotherhood\protected\views\site\dashboard.php(41): Pengadaan->search()
#3 C:\xampp\htdocs\plnBrotherhood\yiiframework\framework\web\CBaseController.php(126): require('C:\xampp\htdocs...')
#4 C:\xampp\htdocs\plnBrotherhood\yiiframework\framework\web\CBaseController.php(95): CBaseController->renderInternal('C:\xampp\htdocs...', Array, true)
#5 C:\xampp\htdocs\plnBrotherhood\yiiframework\framework\web\CController.php(869): CBaseController->renderFile('C:\xampp\htdocs...', Array, true)
#6 C:\xampp\htdocs\plnBrotherhood\yiiframework\framework\web\CController.php(782): CController->renderPartial('dashboard', Array, true)
#7 C:\xampp\htdocs\plnBrotherhood\protected\controllers\SiteController.php(51): CController->render('dashboard', Array)
#8 C:\xampp\htdocs\plnBrotherhood\yiiframework\framework\web\actions\CInlineAction.php(49): SiteController->actionDashboard()
#9 C:\xampp\htdocs\plnBrotherhood\yiiframework\framework\web\CController.php(308): CInlineAction->runWithParams(Array)
#10 C:\xampp\htdocs\plnBrotherhood\yiiframework\framework\web\CController.php(286): CController->runAction(Object(CInlineAction))
#11 C:\xampp\htdocs\plnBrotherhood\yiiframework\framework\web\CController.php(265): CController->runActionWithFilters(Object(CInlineAction), Array)
#12 C:\xampp\htdocs\plnBrotherhood\yiiframework\framework\web\CWebApplication.php(282): CController->run('')
#13 C:\xampp\htdocs\plnBrotherhood\yiiframework\framework\web\CWebApplication.php(141): CWebApplication->runController('')
#14 C:\xampp\htdocs\plnBrotherhood\yiiframework\framework\base\CApplication.php(169): CWebApplication->processRequest()
#15 C:\xampp\htdocs\plnBrotherhood\index.php(13): CApplication->run()
#16 {main}
REQUEST_URI=/plnBrotherhood/index.php
HTTP_REFERER=http://localhost/plnBrotherhood/index.php?r=site/login
---
2013/06/13 11:52:47 [error] [exception.CException] exception 'CException' with message 'Property "Pengadaan.divisi_peminta" is not defined.' in C:\xampp\htdocs\plnBrotherhood\yiiframework\framework\base\CComponent.php:130
Stack trace:
#0 C:\xampp\htdocs\plnBrotherhood\yiiframework\framework\db\ar\CActiveRecord.php(143): CComponent->__get('divisi_peminta')
#1 C:\xampp\htdocs\plnBrotherhood\protected\models\Pengadaan.php(150): CActiveRecord->__get('divisi_peminta')
#2 C:\xampp\htdocs\plnBrotherhood\protected\views\site\dashboard.php(41): Pengadaan->search()
#3 C:\xampp\htdocs\plnBrotherhood\yiiframework\framework\web\CBaseController.php(126): require('C:\xampp\htdocs...')
#4 C:\xampp\htdocs\plnBrotherhood\yiiframework\framework\web\CBaseController.php(95): CBaseController->renderInternal('C:\xampp\htdocs...', Array, true)
#5 C:\xampp\htdocs\plnBrotherhood\yiiframework\framework\web\CController.php(869): CBaseController->renderFile('C:\xampp\htdocs...', Array, true)
#6 C:\xampp\htdocs\plnBrotherhood\yiiframework\framework\web\CController.php(782): CController->renderPartial('dashboard', Array, true)
#7 C:\xampp\htdocs\plnBrotherhood\protected\controllers\SiteController.php(51): CController->render('dashboard', Array)
#8 C:\xampp\htdocs\plnBrotherhood\yiiframework\framework\web\actions\CInlineAction.php(49): SiteController->actionDashboard()
#9 C:\xampp\htdocs\plnBrotherhood\yiiframework\framework\web\CController.php(308): CInlineAction->runWithParams(Array)
#10 C:\xampp\htdocs\plnBrotherhood\yiiframework\framework\web\CController.php(286): CController->runAction(Object(CInlineAction))
#11 C:\xampp\htdocs\plnBrotherhood\yiiframework\framework\web\CController.php(265): CController->runActionWithFilters(Object(CInlineAction), Array)
#12 C:\xampp\htdocs\plnBrotherhood\yiiframework\framework\web\CWebApplication.php(282): CController->run('')
#13 C:\xampp\htdocs\plnBrotherhood\yiiframework\framework\web\CWebApplication.php(141): CWebApplication->runController('')
#14 C:\xampp\htdocs\plnBrotherhood\yiiframework\framework\base\CApplication.php(169): CWebApplication->processRequest()
#15 C:\xampp\htdocs\plnBrotherhood\index.php(13): CApplication->run()
#16 {main}
REQUEST_URI=/plnBrotherhood/index.php
HTTP_REFERER=http://localhost/plnBrotherhood/index.php?r=site/login
---
2013/06/13 11:53:48 [error] [exception.CException] exception 'CException' with message 'Property "Pengadaan.divisi_peminta" is not defined.' in C:\xampp\htdocs\plnBrotherhood\yiiframework\framework\base\CComponent.php:130
Stack trace:
#0 C:\xampp\htdocs\plnBrotherhood\yiiframework\framework\db\ar\CActiveRecord.php(143): CComponent->__get('divisi_peminta')
#1 C:\xampp\htdocs\plnBrotherhood\protected\models\Pengadaan.php(150): CActiveRecord->__get('divisi_peminta')
#2 C:\xampp\htdocs\plnBrotherhood\protected\views\site\dashboard.php(41): Pengadaan->search()
#3 C:\xampp\htdocs\plnBrotherhood\yiiframework\framework\web\CBaseController.php(126): require('C:\xampp\htdocs...')
#4 C:\xampp\htdocs\plnBrotherhood\yiiframework\framework\web\CBaseController.php(95): CBaseController->renderInternal('C:\xampp\htdocs...', Array, true)
#5 C:\xampp\htdocs\plnBrotherhood\yiiframework\framework\web\CController.php(869): CBaseController->renderFile('C:\xampp\htdocs...', Array, true)
#6 C:\xampp\htdocs\plnBrotherhood\yiiframework\framework\web\CController.php(782): CController->renderPartial('dashboard', Array, true)
#7 C:\xampp\htdocs\plnBrotherhood\protected\controllers\SiteController.php(51): CController->render('dashboard', Array)
#8 C:\xampp\htdocs\plnBrotherhood\yiiframework\framework\web\actions\CInlineAction.php(49): SiteController->actionDashboard()
#9 C:\xampp\htdocs\plnBrotherhood\yiiframework\framework\web\CController.php(308): CInlineAction->runWithParams(Array)
#10 C:\xampp\htdocs\plnBrotherhood\yiiframework\framework\web\CController.php(286): CController->runAction(Object(CInlineAction))
#11 C:\xampp\htdocs\plnBrotherhood\yiiframework\framework\web\CController.php(265): CController->runActionWithFilters(Object(CInlineAction), Array)
#12 C:\xampp\htdocs\plnBrotherhood\yiiframework\framework\web\CWebApplication.php(282): CController->run('')
#13 C:\xampp\htdocs\plnBrotherhood\yiiframework\framework\web\CWebApplication.php(141): CWebApplication->runController('')
#14 C:\xampp\htdocs\plnBrotherhood\yiiframework\framework\base\CApplication.php(169): CWebApplication->processRequest()
#15 C:\xampp\htdocs\plnBrotherhood\index.php(13): CApplication->run()
#16 {main}
REQUEST_URI=/plnBrotherhood/index.php
---
2013/06/13 11:55:08 [error] [exception.CException] exception 'CException' with message 'Property "Pengadaan.perihal_pengadaan" is not defined.' in C:\xampp\htdocs\plnBrotherhood\yiiframework\framework\base\CComponent.php:130
Stack trace:
#0 C:\xampp\htdocs\plnBrotherhood\yiiframework\framework\db\ar\CActiveRecord.php(143): CComponent->__get('perihal_pengada...')
#1 C:\xampp\htdocs\plnBrotherhood\protected\models\Pengadaan.php(161): CActiveRecord->__get('perihal_pengada...')
#2 C:\xampp\htdocs\plnBrotherhood\protected\views\site\dashboard.php(41): Pengadaan->search()
#3 C:\xampp\htdocs\plnBrotherhood\yiiframework\framework\web\CBaseController.php(126): require('C:\xampp\htdocs...')
#4 C:\xampp\htdocs\plnBrotherhood\yiiframework\framework\web\CBaseController.php(95): CBaseController->renderInternal('C:\xampp\htdocs...', Array, true)
#5 C:\xampp\htdocs\plnBrotherhood\yiiframework\framework\web\CController.php(869): CBaseController->renderFile('C:\xampp\htdocs...', Array, true)
#6 C:\xampp\htdocs\plnBrotherhood\yiiframework\framework\web\CController.php(782): CController->renderPartial('dashboard', Array, true)
#7 C:\xampp\htdocs\plnBrotherhood\protected\controllers\SiteController.php(51): CController->render('dashboard', Array)
#8 C:\xampp\htdocs\plnBrotherhood\yiiframework\framework\web\actions\CInlineAction.php(49): SiteController->actionDashboard()
#9 C:\xampp\htdocs\plnBrotherhood\yiiframework\framework\web\CController.php(308): CInlineAction->runWithParams(Array)
#10 C:\xampp\htdocs\plnBrotherhood\yiiframework\framework\web\CController.php(286): CController->runAction(Object(CInlineAction))
#11 C:\xampp\htdocs\plnBrotherhood\yiiframework\framework\web\CController.php(265): CController->runActionWithFilters(Object(CInlineAction), Array)
#12 C:\xampp\htdocs\plnBrotherhood\yiiframework\framework\web\CWebApplication.php(282): CController->run('')
#13 C:\xampp\htdocs\plnBrotherhood\yiiframework\framework\web\CWebApplication.php(141): CWebApplication->runController('')
#14 C:\xampp\htdocs\plnBrotherhood\yiiframework\framework\base\CApplication.php(169): CWebApplication->processRequest()
#15 C:\xampp\htdocs\plnBrotherhood\index.php(13): CApplication->run()
#16 {main}
REQUEST_URI=/plnBrotherhood/index.php
---
2013/06/13 11:55:13 [error] [exception.CException] exception 'CException' with message 'Property "Pengadaan.perihal_pengadaan" is not defined.' in C:\xampp\htdocs\plnBrotherhood\yiiframework\framework\base\CComponent.php:130
Stack trace:
#0 C:\xampp\htdocs\plnBrotherhood\yiiframework\framework\db\ar\CActiveRecord.php(143): CComponent->__get('perihal_pengada...')
#1 C:\xampp\htdocs\plnBrotherhood\protected\models\Pengadaan.php(161): CActiveRecord->__get('perihal_pengada...')
#2 C:\xampp\htdocs\plnBrotherhood\protected\views\site\dashboard.php(41): Pengadaan->search()
#3 C:\xampp\htdocs\plnBrotherhood\yiiframework\framework\web\CBaseController.php(126): require('C:\xampp\htdocs...')
#4 C:\xampp\htdocs\plnBrotherhood\yiiframework\framework\web\CBaseController.php(95): CBaseController->renderInternal('C:\xampp\htdocs...', Array, true)
#5 C:\xampp\htdocs\plnBrotherhood\yiiframework\framework\web\CController.php(869): CBaseController->renderFile('C:\xampp\htdocs...', Array, true)
#6 C:\xampp\htdocs\plnBrotherhood\yiiframework\framework\web\CController.php(782): CController->renderPartial('dashboard', Array, true)
#7 C:\xampp\htdocs\plnBrotherhood\protected\controllers\SiteController.php(51): CController->render('dashboard', Array)
#8 C:\xampp\htdocs\plnBrotherhood\yiiframework\framework\web\actions\CInlineAction.php(49): SiteController->actionDashboard()
#9 C:\xampp\htdocs\plnBrotherhood\yiiframework\framework\web\CController.php(308): CInlineAction->runWithParams(Array)
#10 C:\xampp\htdocs\plnBrotherhood\yiiframework\framework\web\CController.php(286): CController->runAction(Object(CInlineAction))
#11 C:\xampp\htdocs\plnBrotherhood\yiiframework\framework\web\CController.php(265): CController->runActionWithFilters(Object(CInlineAction), Array)
#12 C:\xampp\htdocs\plnBrotherhood\yiiframework\framework\web\CWebApplication.php(282): CController->run('')
#13 C:\xampp\htdocs\plnBrotherhood\yiiframework\framework\web\CWebApplication.php(141): CWebApplication->runController('')
#14 C:\xampp\htdocs\plnBrotherhood\yiiframework\framework\base\CApplication.php(169): CWebApplication->processRequest()
#15 C:\xampp\htdocs\plnBrotherhood\index.php(13): CApplication->run()
#16 {main}
REQUEST_URI=/plnBrotherhood/index.php
---
2013/06/13 11:55:57 [error] [exception.CException] exception 'CException' with message 'Property "Pengadaan.perihal_pengadaan" is not defined.' in C:\xampp\htdocs\plnBrotherhood\yiiframework\framework\base\CComponent.php:130
Stack trace:
#0 C:\xampp\htdocs\plnBrotherhood\yiiframework\framework\db\ar\CActiveRecord.php(143): CComponent->__get('perihal_pengada...')
#1 C:\xampp\htdocs\plnBrotherhood\protected\models\Pengadaan.php(161): CActiveRecord->__get('perihal_pengada...')
#2 C:\xampp\htdocs\plnBrotherhood\protected\views\site\dashboard.php(41): Pengadaan->search()
#3 C:\xampp\htdocs\plnBrotherhood\yiiframework\framework\web\CBaseController.php(126): require('C:\xampp\htdocs...')
#4 C:\xampp\htdocs\plnBrotherhood\yiiframework\framework\web\CBaseController.php(95): CBaseController->renderInternal('C:\xampp\htdocs...', Array, true)
#5 C:\xampp\htdocs\plnBrotherhood\yiiframework\framework\web\CController.php(869): CBaseController->renderFile('C:\xampp\htdocs...', Array, true)
#6 C:\xampp\htdocs\plnBrotherhood\yiiframework\framework\web\CController.php(782): CController->renderPartial('dashboard', Array, true)
#7 C:\xampp\htdocs\plnBrotherhood\protected\controllers\SiteController.php(51): CController->render('dashboard', Array)
#8 C:\xampp\htdocs\plnBrotherhood\yiiframework\framework\web\actions\CInlineAction.php(49): SiteController->actionDashboard()
#9 C:\xampp\htdocs\plnBrotherhood\yiiframework\framework\web\CController.php(308): CInlineAction->runWithParams(Array)
#10 C:\xampp\htdocs\plnBrotherhood\yiiframework\framework\web\CController.php(286): CController->runAction(Object(CInlineAction))
#11 C:\xampp\htdocs\plnBrotherhood\yiiframework\framework\web\CController.php(265): CController->runActionWithFilters(Object(CInlineAction), Array)
#12 C:\xampp\htdocs\plnBrotherhood\yiiframework\framework\web\CWebApplication.php(282): CController->run('')
#13 C:\xampp\htdocs\plnBrotherhood\yiiframework\framework\web\CWebApplication.php(141): CWebApplication->runController('')
#14 C:\xampp\htdocs\plnBrotherhood\yiiframework\framework\base\CApplication.php(169): CWebApplication->processRequest()
#15 C:\xampp\htdocs\plnBrotherhood\index.php(13): CApplication->run()
#16 {main}
REQUEST_URI=/plnBrotherhood/index.php
HTTP_REFERER=http://localhost/plnBrotherhood/index.php?r=site/login
---
2013/06/13 12:09:47 [error] [php] Undefined variable: model (C:\xampp\htdocs\plnBrotherhood\protected\views\site\uploader.php:49)
Stack trace:
#0 C:\xampp\htdocs\plnBrotherhood\yiiframework\framework\web\CController.php(869): SiteController->renderFile()
#1 C:\xampp\htdocs\plnBrotherhood\yiiframework\framework\web\CController.php(782): SiteController->renderPartial()
#2 C:\xampp\htdocs\plnBrotherhood\protected\controllers\SiteController.php(430): SiteController->render()
#3 C:\xampp\htdocs\plnBrotherhood\yiiframework\framework\web\actions\CInlineAction.php(49): SiteController->actionUploader()
#4 C:\xampp\htdocs\plnBrotherhood\yiiframework\framework\web\CController.php(308): CInlineAction->runWithParams()
#5 C:\xampp\htdocs\plnBrotherhood\yiiframework\framework\web\CController.php(286): SiteController->runAction()
#6 C:\xampp\htdocs\plnBrotherhood\yiiframework\framework\web\CController.php(265): SiteController->runActionWithFilters()
#7 C:\xampp\htdocs\plnBrotherhood\yiiframework\framework\web\CWebApplication.php(282): SiteController->run()
#8 C:\xampp\htdocs\plnBrotherhood\yiiframework\framework\web\CWebApplication.php(141): CWebApplication->runController()
#9 C:\xampp\htdocs\plnBrotherhood\yiiframework\framework\base\CApplication.php(169): CWebApplication->processRequest()
#10 C:\xampp\htdocs\plnBrotherhood\index.php(13): CWebApplication->run()
REQUEST_URI=/plnBrotherhood/index.php?r=site/uploader&id=987654322
in C:\xampp\htdocs\plnBrotherhood\protected\views\site\uploader.php (49)
in C:\xampp\htdocs\plnBrotherhood\protected\controllers\SiteController.php (430)
in C:\xampp\htdocs\plnBrotherhood\index.php (13)
2013/06/13 12:10:04 [error] [exception.CException] exception 'CException' with message 'Property "Pengadaan.deskripsi" is not defined.' in C:\xampp\htdocs\plnBrotherhood\yiiframework\framework\base\CComponent.php:130
Stack trace:
#0 C:\xampp\htdocs\plnBrotherhood\yiiframework\framework\db\ar\CActiveRecord.php(143): CComponent->__get('deskripsi')
#1 C:\xampp\htdocs\plnBrotherhood\protected\views\site\detilpengadaanhistory.php(12): CActiveRecord->__get('deskripsi')
#2 C:\xampp\htdocs\plnBrotherhood\yiiframework\framework\web\CBaseController.php(126): require('C:\xampp\htdocs...')
#3 C:\xampp\htdocs\plnBrotherhood\yiiframework\framework\web\CBaseController.php(95): CBaseController->renderInternal('C:\xampp\htdocs...', NULL, true)
#4 C:\xampp\htdocs\plnBrotherhood\yiiframework\framework\web\CController.php(869): CBaseController->renderFile('C:\xampp\htdocs...', NULL, true)
#5 C:\xampp\htdocs\plnBrotherhood\yiiframework\framework\web\CController.php(782): CController->renderPartial('detilpengadaanh...', NULL, true)
#6 C:\xampp\htdocs\plnBrotherhood\protected\controllers\SiteController.php(266): CController->render('detilpengadaanh...')
#7 C:\xampp\htdocs\plnBrotherhood\yiiframework\framework\web\actions\CInlineAction.php(49): SiteController->actionDetilpengadaanhistory()
#8 C:\xampp\htdocs\plnBrotherhood\yiiframework\framework\web\CController.php(308): CInlineAction->runWithParams(Array)
#9 C:\xampp\htdocs\plnBrotherhood\yiiframework\framework\web\CController.php(286): CController->runAction(Object(CInlineAction))
#10 C:\xampp\htdocs\plnBrotherhood\yiiframework\framework\web\CController.php(265): CController->runActionWithFilters(Object(CInlineAction), Array)
#11 C:\xampp\htdocs\plnBrotherhood\yiiframework\framework\web\CWebApplication.php(282): CController->run('detilpengadaanh...')
#12 C:\xampp\htdocs\plnBrotherhood\yiiframework\framework\web\CWebApplication.php(141): CWebApplication->runController('site/detilpenga...')
#13 C:\xampp\htdocs\plnBrotherhood\yiiframework\framework\base\CApplication.php(169): CWebApplication->processRequest()
#14 C:\xampp\htdocs\plnBrotherhood\index.php(13): CApplication->run()
#15 {main}
REQUEST_URI=/plnBrotherhood/index.php?r=site/detilpengadaanhistory&id=987654324
HTTP_REFERER=http://localhost/plnBrotherhood/index.php?r=site/history
---
2013/06/13 12:10:14 [error] [exception.CException] exception 'CException' with message 'Property "Pengadaan.deskripsi" is not defined.' in C:\xampp\htdocs\plnBrotherhood\yiiframework\framework\base\CComponent.php:130
Stack trace:
#0 C:\xampp\htdocs\plnBrotherhood\yiiframework\framework\db\ar\CActiveRecord.php(143): CComponent->__get('deskripsi')
#1 C:\xampp\htdocs\plnBrotherhood\protected\views\site\detilpengadaanhistory.php(12): CActiveRecord->__get('deskripsi')
#2 C:\xampp\htdocs\plnBrotherhood\yiiframework\framework\web\CBaseController.php(126): require('C:\xampp\htdocs...')
#3 C:\xampp\htdocs\plnBrotherhood\yiiframework\framework\web\CBaseController.php(95): CBaseController->renderInternal('C:\xampp\htdocs...', NULL, true)
#4 C:\xampp\htdocs\plnBrotherhood\yiiframework\framework\web\CController.php(869): CBaseController->renderFile('C:\xampp\htdocs...', NULL, true)
#5 C:\xampp\htdocs\plnBrotherhood\yiiframework\framework\web\CController.php(782): CController->renderPartial('detilpengadaanh...', NULL, true)
#6 C:\xampp\htdocs\plnBrotherhood\protected\controllers\SiteController.php(266): CController->render('detilpengadaanh...')
#7 C:\xampp\htdocs\plnBrotherhood\yiiframework\framework\web\actions\CInlineAction.php(49): SiteController->actionDetilpengadaanhistory()
#8 C:\xampp\htdocs\plnBrotherhood\yiiframework\framework\web\CController.php(308): CInlineAction->runWithParams(Array)
#9 C:\xampp\htdocs\plnBrotherhood\yiiframework\framework\web\CController.php(286): CController->runAction(Object(CInlineAction))
#10 C:\xampp\htdocs\plnBrotherhood\yiiframework\framework\web\CController.php(265): CController->runActionWithFilters(Object(CInlineAction), Array)
#11 C:\xampp\htdocs\plnBrotherhood\yiiframework\framework\web\CWebApplication.php(282): CController->run('detilpengadaanh...')
#12 C:\xampp\htdocs\plnBrotherhood\yiiframework\framework\web\CWebApplication.php(141): CWebApplication->runController('site/detilpenga...')
#13 C:\xampp\htdocs\plnBrotherhood\yiiframework\framework\base\CApplication.php(169): CWebApplication->processRequest()
#14 C:\xampp\htdocs\plnBrotherhood\index.php(13): CApplication->run()
#15 {main}
REQUEST_URI=/plnBrotherhood/index.php?r=site/detilpengadaanhistory&id=987654324
HTTP_REFERER=http://localhost/plnBrotherhood/index.php?r=site/history
---
2013/06/13 12:10:21 [error] [exception.CException] exception 'CException' with message 'Property "Pengadaan.deskripsi" is not defined.' in C:\xampp\htdocs\plnBrotherhood\yiiframework\framework\base\CComponent.php:130
Stack trace:
#0 C:\xampp\htdocs\plnBrotherhood\yiiframework\framework\db\ar\CActiveRecord.php(143): CComponent->__get('deskripsi')
#1 C:\xampp\htdocs\plnBrotherhood\protected\views\site\detilpengadaanhistory.php(12): CActiveRecord->__get('deskripsi')
#2 C:\xampp\htdocs\plnBrotherhood\yiiframework\framework\web\CBaseController.php(126): require('C:\xampp\htdocs...')
#3 C:\xampp\htdocs\plnBrotherhood\yiiframework\framework\web\CBaseController.php(95): CBaseController->renderInternal('C:\xampp\htdocs...', NULL, true)
#4 C:\xampp\htdocs\plnBrotherhood\yiiframework\framework\web\CController.php(869): CBaseController->renderFile('C:\xampp\htdocs...', NULL, true)
#5 C:\xampp\htdocs\plnBrotherhood\yiiframework\framework\web\CController.php(782): CController->renderPartial('detilpengadaanh...', NULL, true)
#6 C:\xampp\htdocs\plnBrotherhood\protected\controllers\SiteController.php(266): CController->render('detilpengadaanh...')
#7 C:\xampp\htdocs\plnBrotherhood\yiiframework\framework\web\actions\CInlineAction.php(49): SiteController->actionDetilpengadaanhistory()
#8 C:\xampp\htdocs\plnBrotherhood\yiiframework\framework\web\CController.php(308): CInlineAction->runWithParams(Array)
#9 C:\xampp\htdocs\plnBrotherhood\yiiframework\framework\web\CController.php(286): CController->runAction(Object(CInlineAction))
#10 C:\xampp\htdocs\plnBrotherhood\yiiframework\framework\web\CController.php(265): CController->runActionWithFilters(Object(CInlineAction), Array)
#11 C:\xampp\htdocs\plnBrotherhood\yiiframework\framework\web\CWebApplication.php(282): CController->run('detilpengadaanh...')
#12 C:\xampp\htdocs\plnBrotherhood\yiiframework\framework\web\CWebApplication.php(141): CWebApplication->runController('site/detilpenga...')
#13 C:\xampp\htdocs\plnBrotherhood\yiiframework\framework\base\CApplication.php(169): CWebApplication->processRequest()
#14 C:\xampp\htdocs\plnBrotherhood\index.php(13): CApplication->run()
#15 {main}
REQUEST_URI=/plnBrotherhood/index.php?r=site/detilpengadaanhistory&id=987654324
HTTP_REFERER=http://localhost/plnBrotherhood/index.php?r=site/history
---
2013/06/13 12:10:37 [error] [php] Undefined variable: model (C:\xampp\htdocs\plnBrotherhood\protected\views\site\uploader.php:49)
Stack trace:
#0 C:\xampp\htdocs\plnBrotherhood\yiiframework\framework\web\CController.php(869): SiteController->renderFile()
#1 C:\xampp\htdocs\plnBrotherhood\yiiframework\framework\web\CController.php(782): SiteController->renderPartial()
#2 C:\xampp\htdocs\plnBrotherhood\protected\controllers\SiteController.php(430): SiteController->render()
#3 C:\xampp\htdocs\plnBrotherhood\yiiframework\framework\web\actions\CInlineAction.php(49): SiteController->actionUploader()
#4 C:\xampp\htdocs\plnBrotherhood\yiiframework\framework\web\CController.php(308): CInlineAction->runWithParams()
#5 C:\xampp\htdocs\plnBrotherhood\yiiframework\framework\web\CController.php(286): SiteController->runAction()
#6 C:\xampp\htdocs\plnBrotherhood\yiiframework\framework\web\CController.php(265): SiteController->runActionWithFilters()
#7 C:\xampp\htdocs\plnBrotherhood\yiiframework\framework\web\CWebApplication.php(282): SiteController->run()
#8 C:\xampp\htdocs\plnBrotherhood\yiiframework\framework\web\CWebApplication.php(141): CWebApplication->runController()
#9 C:\xampp\htdocs\plnBrotherhood\yiiframework\framework\base\CApplication.php(169): CWebApplication->processRequest()
#10 C:\xampp\htdocs\plnBrotherhood\index.php(13): CWebApplication->run()
REQUEST_URI=/plnBrotherhood/index.php?r=site/uploader&id=987654323
in C:\xampp\htdocs\plnBrotherhood\protected\views\site\uploader.php (49)
in C:\xampp\htdocs\plnBrotherhood\protected\controllers\SiteController.php (430)
in C:\xampp\htdocs\plnBrotherhood\index.php (13)
2013/06/13 12:11:46 [error] [php] Undefined variable: model (C:\xampp\htdocs\plnBrotherhood\protected\views\site\uploader.php:49)
Stack trace:
#0 C:\xampp\htdocs\plnBrotherhood\yiiframework\framework\web\CController.php(869): SiteController->renderFile()
#1 C:\xampp\htdocs\plnBrotherhood\yiiframework\framework\web\CController.php(782): SiteController->renderPartial()
#2 C:\xampp\htdocs\plnBrotherhood\protected\controllers\SiteController.php(430): SiteController->render()
#3 C:\xampp\htdocs\plnBrotherhood\yiiframework\framework\web\actions\CInlineAction.php(49): SiteController->actionUploader()
#4 C:\xampp\htdocs\plnBrotherhood\yiiframework\framework\web\CController.php(308): CInlineAction->runWithParams()
#5 C:\xampp\htdocs\plnBrotherhood\yiiframework\framework\web\CController.php(286): SiteController->runAction()
#6 C:\xampp\htdocs\plnBrotherhood\yiiframework\framework\web\CController.php(265): SiteController->runActionWithFilters()
#7 C:\xampp\htdocs\plnBrotherhood\yiiframework\framework\web\CWebApplication.php(282): SiteController->run()
#8 C:\xampp\htdocs\plnBrotherhood\yiiframework\framework\web\CWebApplication.php(141): CWebApplication->runController()
#9 C:\xampp\htdocs\plnBrotherhood\yiiframework\framework\base\CApplication.php(169): CWebApplication->processRequest()
#10 C:\xampp\htdocs\plnBrotherhood\index.php(13): CWebApplication->run()
REQUEST_URI=/plnBrotherhood/index.php?r=site/uploader&id=987654326
in C:\xampp\htdocs\plnBrotherhood\protected\views\site\uploader.php (49)
in C:\xampp\htdocs\plnBrotherhood\protected\controllers\SiteController.php (430)
in C:\xampp\htdocs\plnBrotherhood\index.php (13)
2013/06/13 12:12:30 [error] [php] Trying to get property of non-object (C:\xampp\htdocs\plnBrotherhood\protected\views\site\detailpengadaan.php:20)
Stack trace:
#0 C:\xampp\htdocs\plnBrotherhood\yiiframework\framework\web\CController.php(869): SiteController->renderFile()
#1 C:\xampp\htdocs\plnBrotherhood\yiiframework\framework\web\CController.php(782): SiteController->renderPartial()
#2 C:\xampp\htdocs\plnBrotherhood\protected\controllers\SiteController.php(125): SiteController->render()
#3 C:\xampp\htdocs\plnBrotherhood\yiiframework\framework\web\actions\CInlineAction.php(49): SiteController->actionDetailpengadaan()
#4 C:\xampp\htdocs\plnBrotherhood\yiiframework\framework\web\CController.php(308): CInlineAction->runWithParams()
#5 C:\xampp\htdocs\plnBrotherhood\yiiframework\framework\web\CController.php(286): SiteController->runAction()
#6 C:\xampp\htdocs\plnBrotherhood\yiiframework\framework\web\CController.php(265): SiteController->runActionWithFilters()
#7 C:\xampp\htdocs\plnBrotherhood\yiiframework\framework\web\CWebApplication.php(282): SiteController->run()
#8 C:\xampp\htdocs\plnBrotherhood\yiiframework\framework\web\CWebApplication.php(141): CWebApplication->runController()
#9 C:\xampp\htdocs\plnBrotherhood\yiiframework\framework\base\CApplication.php(169): CWebApplication->processRequest()
#10 C:\xampp\htdocs\plnBrotherhood\index.php(13): CWebApplication->run()
REQUEST_URI=/plnBrotherhood/index.php?r=site/detailpengadaan&id=987654326
in C:\xampp\htdocs\plnBrotherhood\protected\views\site\detailpengadaan.php (20)
in C:\xampp\htdocs\plnBrotherhood\protected\controllers\SiteController.php (125)
in C:\xampp\htdocs\plnBrotherhood\index.php (13)
2013/06/13 12:12:45 [error] [exception.CException] exception 'CException' with message 'Property "Pengadaan.deskripsi" is not defined.' in C:\xampp\htdocs\plnBrotherhood\yiiframework\framework\base\CComponent.php:130
Stack trace:
#0 C:\xampp\htdocs\plnBrotherhood\yiiframework\framework\db\ar\CActiveRecord.php(143): CComponent->__get('deskripsi')
#1 C:\xampp\htdocs\plnBrotherhood\protected\views\site\detilpengadaanhistory.php(12): CActiveRecord->__get('deskripsi')
#2 C:\xampp\htdocs\plnBrotherhood\yiiframework\framework\web\CBaseController.php(126): require('C:\xampp\htdocs...')
#3 C:\xampp\htdocs\plnBrotherhood\yiiframework\framework\web\CBaseController.php(95): CBaseController->renderInternal('C:\xampp\htdocs...', NULL, true)
#4 C:\xampp\htdocs\plnBrotherhood\yiiframework\framework\web\CController.php(869): CBaseController->renderFile('C:\xampp\htdocs...', NULL, true)
#5 C:\xampp\htdocs\plnBrotherhood\yiiframework\framework\web\CController.php(782): CController->renderPartial('detilpengadaanh...', NULL, true)
#6 C:\xampp\htdocs\plnBrotherhood\protected\controllers\SiteController.php(266): CController->render('detilpengadaanh...')
#7 C:\xampp\htdocs\plnBrotherhood\yiiframework\framework\web\actions\CInlineAction.php(49): SiteController->actionDetilpengadaanhistory()
#8 C:\xampp\htdocs\plnBrotherhood\yiiframework\framework\web\CController.php(308): CInlineAction->runWithParams(Array)
#9 C:\xampp\htdocs\plnBrotherhood\yiiframework\framework\web\CController.php(286): CController->runAction(Object(CInlineAction))
#10 C:\xampp\htdocs\plnBrotherhood\yiiframework\framework\web\CController.php(265): CController->runActionWithFilters(Object(CInlineAction), Array)
#11 C:\xampp\htdocs\plnBrotherhood\yiiframework\framework\web\CWebApplication.php(282): CController->run('detilpengadaanh...')
#12 C:\xampp\htdocs\plnBrotherhood\yiiframework\framework\web\CWebApplication.php(141): CWebApplication->runController('site/detilpenga...')
#13 C:\xampp\htdocs\plnBrotherhood\yiiframework\framework\base\CApplication.php(169): CWebApplication->processRequest()
#14 C:\xampp\htdocs\plnBrotherhood\index.php(13): CApplication->run()
#15 {main}
REQUEST_URI=/plnBrotherhood/index.php?r=site/detilpengadaanhistory&id=987654324
HTTP_REFERER=http://localhost/plnBrotherhood/index.php?r=site/history
---
